Using pre-set license
Built from '2020.3/staging' branch; Version is '2020.3.30f1 (1fb1bf06830e) revision 2077119'; Using compiler version '192528614'; Build Type 'Release'
OS: 'Windows 11  (10.0.22000) 64bit Professional' Language: 'en' Physical Memory: 16310 MB
BatchMode: 1, IsHumanControllingUs: 0, StartBugReporterOnCrash: 0, Is64bit: 1, IsPro: 0

COMMAND LINE ARGUMENTS:
C:\Program Files\Unity\Hub\Editor\2020.3.30f1\Editor\Unity.exe
-adb2
-batchMode
-noUpm
-name
AssetImportWorker0
-projectPath
D:/Workspaces/Unity/Space-Shooter-2D
-logFile
Logs/AssetImportWorker0.log
-srvPort
64130
Successfully changed project path to: D:/Workspaces/Unity/Space-Shooter-2D
D:/Workspaces/Unity/Space-Shooter-2D
Using Asset Import Pipeline V2.
Refreshing native plugins compatible for Editor in 52.87 ms, found 3 plugins.
Preloading 0 native plugins for Editor in 0.00 ms.
Initialize engine version: 2020.3.30f1 (1fb1bf06830e)
[Subsystems] Discovering subsystems at path C:/Program Files/Unity/Hub/Editor/2020.3.30f1/Editor/Data/Resources/UnitySubsystems
[Subsystems] Discovering subsystems at path D:/Workspaces/Unity/Space-Shooter-2D/Assets
GfxDevice: creating device client; threaded=0
Direct3D:
    Version:  Direct3D 11.0 [level 11.1]
    Renderer: NVIDIA GeForce GTX 1650 SUPER (ID=0x2187)
    Vendor:   
    VRAM:     3955 MB
    Driver:   30.0.15.1179
Initialize mono
Mono path[0] = 'C:/Program Files/Unity/Hub/Editor/2020.3.30f1/Editor/Data/Managed'
Mono path[1] = 'C:/Program Files/Unity/Hub/Editor/2020.3.30f1/Editor/Data/MonoBleedingEdge/lib/mono/unityjit'
Mono config path = 'C:/Program Files/Unity/Hub/Editor/2020.3.30f1/Editor/Data/MonoBleedingEdge/etc'
Using monoOptions --debugger-agent=transport=dt_socket,embedding=1,server=y,suspend=n,address=127.0.0.1:56636
Begin MonoManager ReloadAssembly
Registering precompiled unity dll's ...
Register platform support module: C:/Program Files/Unity/Hub/Editor/2020.3.30f1/Editor/Data/PlaybackEngines/WebGLSupport/UnityEditor.WebGL.Extensions.dll
Register platform support module: C:/Program Files/Unity/Hub/Editor/2020.3.30f1/Editor/Data/PlaybackEngines/WindowsStandaloneSupport/UnityEditor.WindowsStandalone.Extensions.dll
Registered in 0.001407 seconds.
Native extension for WindowsStandalone target not found
Native extension for WebGL target not found
Refreshing native plugins compatible for Editor in 53.02 ms, found 3 plugins.
Preloading 0 native plugins for Editor in 0.00 ms.
Mono: successfully reloaded assembly
- Completed reload, in  0.512 seconds
Domain Reload Profiling:
	ReloadAssembly (512ms)
		BeginReloadAssembly (51ms)
			ExecutionOrderSort (0ms)
			DisableScriptedObjects (0ms)
			BackupInstance (0ms)
			ReleaseScriptingObjects (0ms)
			CreateAndSetChildDomain (1ms)
		EndReloadAssembly (400ms)
			LoadAssemblies (49ms)
			RebuildTransferFunctionScriptingTraits (0ms)
			SetupTypeCache (127ms)
			ReleaseScriptCaches (0ms)
			RebuildScriptCaches (26ms)
			SetupLoadedEditorAssemblies (160ms)
				LogAssemblyErrors (0ms)
				InitializePlatformSupportModulesInManaged (4ms)
				SetLoadedEditorAssemblies (0ms)
				RefreshPlugins (53ms)
				BeforeProcessingInitializeOnLoad (14ms)
				ProcessInitializeOnLoadAttributes (65ms)
				ProcessInitializeOnLoadMethodAttributes (23ms)
				AfterProcessingInitializeOnLoad (0ms)
				EditorAssembliesLoaded (0ms)
			ExecutionOrderSort2 (0ms)
			AwakeInstancesAfterBackupRestoration (0ms)
Platform modules already initialized, skipping
Registering precompiled user dll's ...
Registered in 0.001522 seconds.
Begin MonoManager ReloadAssembly
Native extension for WindowsStandalone target not found
Native extension for WebGL target not found
Refreshing native plugins compatible for Editor in 53.93 ms, found 3 plugins.
Preloading 0 native plugins for Editor in 0.00 ms.
Mono: successfully reloaded assembly
- Completed reload, in  1.020 seconds
Domain Reload Profiling:
	ReloadAssembly (1021ms)
		BeginReloadAssembly (137ms)
			ExecutionOrderSort (0ms)
			DisableScriptedObjects (4ms)
			BackupInstance (0ms)
			ReleaseScriptingObjects (0ms)
			CreateAndSetChildDomain (23ms)
		EndReloadAssembly (830ms)
			LoadAssemblies (84ms)
			RebuildTransferFunctionScriptingTraits (0ms)
			SetupTypeCache (263ms)
			ReleaseScriptCaches (1ms)
			RebuildScriptCaches (42ms)
			SetupLoadedEditorAssemblies (347ms)
				LogAssemblyErrors (0ms)
				InitializePlatformSupportModulesInManaged (4ms)
				SetLoadedEditorAssemblies (0ms)
				RefreshPlugins (54ms)
				BeforeProcessingInitializeOnLoad (71ms)
				ProcessInitializeOnLoadAttributes (201ms)
				ProcessInitializeOnLoadMethodAttributes (13ms)
				AfterProcessingInitializeOnLoad (4ms)
				EditorAssembliesLoaded (0ms)
			ExecutionOrderSort2 (0ms)
			AwakeInstancesAfterBackupRestoration (5ms)
Platform modules already initialized, skipping
========================================================================
Worker process is ready to serve import requests
Launched and connected shader compiler UnityShaderCompiler.exe after 0.04 seconds
Refreshing native plugins compatible for Editor in 0.77 ms, found 3 plugins.
Preloading 0 native plugins for Editor in 0.00 ms.
Unloading 2570 Unused Serialized files (Serialized files now loaded: 0)
System memory in use before: 112.3 MB.
System memory in use after: 112.5 MB.

Unloading 28 unused Assets to reduce memory usage. Loaded Objects now: 3008.
Total: 3.832100 ms (FindLiveObjects: 0.256400 ms CreateObjectMapping: 0.069000 ms MarkObjects: 3.429500 ms  DeleteObjects: 0.076100 ms)

AssetImportParameters requested are different than current active one (requested -> active):
  custom:framework-win-MediaFoundation: 216162199b28c13a410421893ffa2e32 -> 
  custom:video-decoder-ogg-theora: a1e56fd34408186e4bbccfd4996cb3dc -> 
  custom:container-muxer-webm: aa71ff27fc2769a1b78a27578f13a17b -> 
  custom:container-demuxer-webm: 4f35f7cbe854078d1ac9338744f61a02 -> 
  custom:container-demuxer-ogg: 62fdf1f143b41e24485cea50d1cbac27 -> 
  custom:video-encoder-webm-vp8: eb34c28f22e8b96e1ab97ce403110664 -> 
  custom:video-decoder-webm-vp8: 9c59270c3fd7afecdb556c50c9e8de78 -> 
  custom:audio-decoder-ogg-vorbis: bf7c407c2cedff20999df2af8eb42d56 -> 
  custom:audio-encoder-webm-vorbis: bf7c407c2cedff20999df2af8eb42d56 -> 
========================================================================
Received Import Request.
  path: Assets/Scripts/Managers/EnemySpawner.cs
  artifactKey: Guid(d045b2829fa59254b9bd13d4801d51b2) Importer(815301076,1909f56bfc062723c751e8b465ee728b)
Start importing Assets/Scripts/Managers/EnemySpawner.cs using Guid(d045b2829fa59254b9bd13d4801d51b2) Importer(815301076,1909f56bfc062723c751e8b465ee728b)  -> (artifact id: '11702836714ac8c5b90954a7cacc4cca') in 0.020664 seconds 
========================================================================
Received Import Request.
  Time since last request: 1202.929824 seconds.
  path: Assets/Scenes
  artifactKey: Guid(7f3c193e39f1abf4b9bf5a4d556a0c2b) Importer(815301076,1909f56bfc062723c751e8b465ee728b)
Start importing Assets/Scenes using Guid(7f3c193e39f1abf4b9bf5a4d556a0c2b) Importer(815301076,1909f56bfc062723c751e8b465ee728b)  -> (artifact id: '6fb211d65ee824bb7904ca5d3a1db70d') in 0.006150 seconds 
========================================================================
Received Import Request.
  Time since last request: 3.904007 seconds.
  path: Assets/Scenes/New Scene.unity
  artifactKey: Guid(1f6a8aa81dd029d428aee57310a62ad9) Importer(815301076,1909f56bfc062723c751e8b465ee728b)
Start importing Assets/Scenes/New Scene.unity using Guid(1f6a8aa81dd029d428aee57310a62ad9) Importer(815301076,1909f56bfc062723c751e8b465ee728b)  -> (artifact id: 'daf441325bc86e62a6f489381f8a8168') in 0.016686 seconds 
========================================================================
Received Prepare
Registering precompiled user dll's ...
Registered in 0.001820 seconds.
Begin MonoManager ReloadAssembly
Native extension for WindowsStandalone target not found
Native extension for WebGL target not found
Refreshing native plugins compatible for Editor in 0.97 ms, found 3 plugins.
Preloading 0 native plugins for Editor in 0.00 ms.
Mono: successfully reloaded assembly
- Completed reload, in  0.978 seconds
Domain Reload Profiling:
	ReloadAssembly (978ms)
		BeginReloadAssembly (119ms)
			ExecutionOrderSort (0ms)
			DisableScriptedObjects (6ms)
			BackupInstance (0ms)
			ReleaseScriptingObjects (0ms)
			CreateAndSetChildDomain (37ms)
		EndReloadAssembly (802ms)
			LoadAssemblies (90ms)
			RebuildTransferFunctionScriptingTraits (0ms)
			SetupTypeCache (286ms)
			ReleaseScriptCaches (1ms)
			RebuildScriptCaches (38ms)
			SetupLoadedEditorAssemblies (298ms)
				LogAssemblyErrors (0ms)
				InitializePlatformSupportModulesInManaged (5ms)
				SetLoadedEditorAssemblies (1ms)
				RefreshPlugins (1ms)
				BeforeProcessingInitializeOnLoad (73ms)
				ProcessInitializeOnLoadAttributes (206ms)
				ProcessInitializeOnLoadMethodAttributes (8ms)
				AfterProcessingInitializeOnLoad (4ms)
				EditorAssembliesLoaded (0ms)
			ExecutionOrderSort2 (0ms)
			AwakeInstancesAfterBackupRestoration (9ms)
Platform modules already initialized, skipping
Refreshing native plugins compatible for Editor in 0.70 ms, found 3 plugins.
Preloading 0 native plugins for Editor in 0.00 ms.
Unloading 2579 Unused Serialized files (Serialized files now loaded: 0)
System memory in use before: 112.7 MB.
System memory in use after: 112.9 MB.

Unloading 15 unused Assets to reduce memory usage. Loaded Objects now: 3030.
Total: 3.154400 ms (FindLiveObjects: 0.233800 ms CreateObjectMapping: 0.067600 ms MarkObjects: 2.826500 ms  DeleteObjects: 0.025600 ms)

AssetImportParameters requested are different than current active one (requested -> active):
  custom:framework-win-MediaFoundation: 216162199b28c13a410421893ffa2e32 -> 
  custom:video-decoder-ogg-theora: a1e56fd34408186e4bbccfd4996cb3dc -> 
  custom:container-muxer-webm: aa71ff27fc2769a1b78a27578f13a17b -> 
  custom:container-demuxer-webm: 4f35f7cbe854078d1ac9338744f61a02 -> 
  custom:container-demuxer-ogg: 62fdf1f143b41e24485cea50d1cbac27 -> 
  custom:video-encoder-webm-vp8: eb34c28f22e8b96e1ab97ce403110664 -> 
  custom:video-decoder-webm-vp8: 9c59270c3fd7afecdb556c50c9e8de78 -> 
  custom:audio-decoder-ogg-vorbis: bf7c407c2cedff20999df2af8eb42d56 -> 
  custom:audio-encoder-webm-vorbis: bf7c407c2cedff20999df2af8eb42d56 -> 
========================================================================
Received Import Request.
  Time since last request: 362.187441 seconds.
  path: Assets/Tilemaps
  artifactKey: Guid(5cd545cd9b74068478d98f0fffcd1288) Importer(815301076,1909f56bfc062723c751e8b465ee728b)
Start importing Assets/Tilemaps using Guid(5cd545cd9b74068478d98f0fffcd1288) Importer(815301076,1909f56bfc062723c751e8b465ee728b)  -> (artifact id: '90bb43450a769afa494a3996ce984ba5') in 0.008457 seconds 
========================================================================
Received Import Request.
  Time since last request: 37.480036 seconds.
  path: Assets/Tilemaps/Grass.asset
  artifactKey: Guid(e469fc74a03126145bcd905a1d3b844c) Importer(815301076,1909f56bfc062723c751e8b465ee728b)
Start importing Assets/Tilemaps/Grass.asset using Guid(e469fc74a03126145bcd905a1d3b844c) Importer(815301076,1909f56bfc062723c751e8b465ee728b)  -> (artifact id: 'f7f232f33c5d9e26293f81e2769ab3ef') in 0.026841 seconds 
========================================================================
Received Import Request.
  Time since last request: 29.326367 seconds.
  path: Assets/Tilemaps/Overworld/Overworld_0.asset
  artifactKey: Guid(e95b2c6577913a44a837dc158f4ebd9d) Importer(815301076,1909f56bfc062723c751e8b465ee728b)
Start importing Assets/Tilemaps/Overworld/Overworld_0.asset using Guid(e95b2c6577913a44a837dc158f4ebd9d) Importer(815301076,1909f56bfc062723c751e8b465ee728b)  -> (artifact id: '0a2dca1835805d9404ebab375a54bf38') in 0.048701 seconds 
========================================================================
Received Import Request.
  Time since last request: 1.507409 seconds.
  path: Assets/Tilemaps/Overworld/Overworld_1.asset
  artifactKey: Guid(5b2deaf3d402fb44ca2dea5c6a0e1bc6) Importer(815301076,1909f56bfc062723c751e8b465ee728b)
Start importing Assets/Tilemaps/Overworld/Overworld_1.asset using Guid(5b2deaf3d402fb44ca2dea5c6a0e1bc6) Importer(815301076,1909f56bfc062723c751e8b465ee728b)  -> (artifact id: '0ce671af839546b56328c3aa8c0df212') in 0.011589 seconds 
========================================================================
Received Import Request.
  Time since last request: 10.793435 seconds.
  path: Assets/Sprites/Environments/Overworld.png
  artifactKey: Guid(34865176cfbd34c42a3973f70df935a8) Importer(815301076,1909f56bfc062723c751e8b465ee728b)
Start importing Assets/Sprites/Environments/Overworld.png using Guid(34865176cfbd34c42a3973f70df935a8) Importer(815301076,1909f56bfc062723c751e8b465ee728b)  -> (artifact id: '70609d446a5a3a75aaf77db7595022fc') in 2.261349 seconds 
========================================================================
Received Import Request.
  Time since last request: 5.417287 seconds.
  path: Assets/Sprites/Ships/ship.png
  artifactKey: Guid(096add9dda1896941ad4efff48b34574) Importer(815301076,1909f56bfc062723c751e8b465ee728b)
Start importing Assets/Sprites/Ships/ship.png using Guid(096add9dda1896941ad4efff48b34574) Importer(815301076,1909f56bfc062723c751e8b465ee728b)  -> (artifact id: '1e2812a91bcb96b288a7cc776a457e52') in 0.034164 seconds 
========================================================================
Received Import Request.
  Time since last request: 0.000212 seconds.
  path: Assets/Sprites/Ships/enemy-big.png
  artifactKey: Guid(f0cd50253065f3e4e8e8a66731cec82e) Importer(815301076,1909f56bfc062723c751e8b465ee728b)
Start importing Assets/Sprites/Ships/enemy-big.png using Guid(f0cd50253065f3e4e8e8a66731cec82e) Importer(815301076,1909f56bfc062723c751e8b465ee728b)  -> (artifact id: 'd1dde44bf32bab87b56d38a96cf70759') in 0.016172 seconds 
========================================================================
Received Import Request.
  Time since last request: 0.000156 seconds.
  path: Assets/Sprites/Ships/explosion.png
  artifactKey: Guid(19431fada5a21804f8937cecb0bf9ca9) Importer(815301076,1909f56bfc062723c751e8b465ee728b)
Start importing Assets/Sprites/Ships/explosion.png using Guid(19431fada5a21804f8937cecb0bf9ca9) Importer(815301076,1909f56bfc062723c751e8b465ee728b)  -> (artifact id: '5788080efa855c494221114c5f1c9248') in 0.026254 seconds 
========================================================================
Received Import Request.
  Time since last request: 0.000376 seconds.
  path: Assets/Sprites/Ships/laser-bolts.png
  artifactKey: Guid(0111058c03b29e24089daa46085f2b08) Importer(815301076,1909f56bfc062723c751e8b465ee728b)
Start importing Assets/Sprites/Ships/laser-bolts.png using Guid(0111058c03b29e24089daa46085f2b08) Importer(815301076,1909f56bfc062723c751e8b465ee728b)  -> (artifact id: '8c6d4ed2501a93d8d04a23db88fd411f') in 0.018736 seconds 
========================================================================
Received Import Request.
  Time since last request: 0.000166 seconds.
  path: Assets/Sprites/Ships/enemy-medium.png
  artifactKey: Guid(1e6b450f69f6c3b47ad5e8a15e33ae70) Importer(815301076,1909f56bfc062723c751e8b465ee728b)
Start importing Assets/Sprites/Ships/enemy-medium.png using Guid(1e6b450f69f6c3b47ad5e8a15e33ae70) Importer(815301076,1909f56bfc062723c751e8b465ee728b)  -> (artifact id: '5903740947fc3cf42c16010fb6815dec') in 0.015720 seconds 
========================================================================
Received Import Request.
  Time since last request: 0.000124 seconds.
  path: Assets/Sprites/Ships/enemy-small.png
  artifactKey: Guid(1fd7f6e9ceb9fe349a9f178cabd1f066) Importer(815301076,1909f56bfc062723c751e8b465ee728b)
Start importing Assets/Sprites/Ships/enemy-small.png using Guid(1fd7f6e9ceb9fe349a9f178cabd1f066) Importer(815301076,1909f56bfc062723c751e8b465ee728b)  -> (artifact id: '10bd2a95f216f8828fdaec7b1eeddf37') in 0.015359 seconds 
========================================================================
Received Import Request.
  Time since last request: 0.000642 seconds.
  path: Assets/Sprites/Environments/objects.png
  artifactKey: Guid(83e9096eb479ed74e966e48a72ee3729) Importer(815301076,1909f56bfc062723c751e8b465ee728b)
Start importing Assets/Sprites/Environments/objects.png using Guid(83e9096eb479ed74e966e48a72ee3729) Importer(815301076,1909f56bfc062723c751e8b465ee728b)  -> (artifact id: 'ebd02ec0a8db5bd74098b8d17e66fed4') in 0.035281 seconds 
========================================================================
Received Import Request.
  Time since last request: 813.357895 seconds.
  path: Assets/Tilemaps/Grass.asset
  artifactKey: Guid(e469fc74a03126145bcd905a1d3b844c) Importer(815301076,1909f56bfc062723c751e8b465ee728b)
Start importing Assets/Tilemaps/Grass.asset using Guid(e469fc74a03126145bcd905a1d3b844c) Importer(815301076,1909f56bfc062723c751e8b465ee728b)  -> (artifact id: '3de42be3fd6c20ca972533d39e0a8987') in 0.012300 seconds 
========================================================================
Received Import Request.
  Time since last request: 180.045442 seconds.
  path: Assets/Tilemaps/Overworld/Overworld.prefab
  artifactKey: Guid(f291aa09beac81144b6a9f0d56231536) Importer(815301076,1909f56bfc062723c751e8b465ee728b)
Start importing Assets/Tilemaps/Overworld/Overworld.prefab using Guid(f291aa09beac81144b6a9f0d56231536) Importer(815301076,1909f56bfc062723c751e8b465ee728b)  -> (artifact id: '793c5a32529af105ef66148401569500') in 0.210866 seconds 
========================================================================
Received Import Request.
  Time since last request: 2.415667 seconds.
  path: Assets/Sprites/oak_woods_v1.0
  artifactKey: Guid(b991b90b7e652c84ebf3eec74773576a) Importer(815301076,1909f56bfc062723c751e8b465ee728b)
Start importing Assets/Sprites/oak_woods_v1.0 using Guid(b991b90b7e652c84ebf3eec74773576a) Importer(815301076,1909f56bfc062723c751e8b465ee728b)  -> (artifact id: '3b6f663b45a33c57aa48e1bbc4446ba3') in 0.004239 seconds 
========================================================================
Received Import Request.
  Time since last request: 1.306104 seconds.
  path: Assets/Sprites/oak_woods_v1.0/oak_woods_tileset.png
  artifactKey: Guid(66bd0d84121f8b742ada8f5bc7742428) Importer(815301076,1909f56bfc062723c751e8b465ee728b)
Start importing Assets/Sprites/oak_woods_v1.0/oak_woods_tileset.png using Guid(66bd0d84121f8b742ada8f5bc7742428) Importer(815301076,1909f56bfc062723c751e8b465ee728b)  -> (artifact id: 'fda50c3e8c2294e581ea3eb7ad628dbf') in 0.021358 seconds 
========================================================================
Received Import Request.
  Time since last request: 1.369756 seconds.
  path: Assets/Sprites/oak_woods_v1.0/decorations
  artifactKey: Guid(c4639b28e65374b4394cb318dcac2a68) Importer(815301076,1909f56bfc062723c751e8b465ee728b)
Start importing Assets/Sprites/oak_woods_v1.0/decorations using Guid(c4639b28e65374b4394cb318dcac2a68) Importer(815301076,1909f56bfc062723c751e8b465ee728b)  -> (artifact id: '906e93eb19c19ca72abf5180b43b02e0') in 0.005051 seconds 
========================================================================
Received Import Request.
  Time since last request: 0.678428 seconds.
  path: Assets/Sprites/oak_woods_v1.0/character
  artifactKey: Guid(213a277811f28994e99e24cedfff4cb9) Importer(815301076,1909f56bfc062723c751e8b465ee728b)
Start importing Assets/Sprites/oak_woods_v1.0/character using Guid(213a277811f28994e99e24cedfff4cb9) Importer(815301076,1909f56bfc062723c751e8b465ee728b)  -> (artifact id: 'af63bc8b6974aed5b68113328aa0f0f3') in 0.005101 seconds 
========================================================================
Received Import Request.
  Time since last request: 9.200842 seconds.
  path: Assets/Sprites/oak_woods_v1.0/oak_woods_tileset.png
  artifactKey: Guid(66bd0d84121f8b742ada8f5bc7742428) Importer(815301076,1909f56bfc062723c751e8b465ee728b)
Start importing Assets/Sprites/oak_woods_v1.0/oak_woods_tileset.png using Guid(66bd0d84121f8b742ada8f5bc7742428) Importer(815301076,1909f56bfc062723c751e8b465ee728b)  -> (artifact id: '3af851f81f95eb0d2ccddd3cdb058fda') in 0.016202 seconds 
========================================================================
Received Import Request.
  Time since last request: 18.422854 seconds.
  path: Assets/Sprites/oak_woods_v1.0/oak_woods_tileset.png
  artifactKey: Guid(66bd0d84121f8b742ada8f5bc7742428) Importer(815301076,1909f56bfc062723c751e8b465ee728b)
Start importing Assets/Sprites/oak_woods_v1.0/oak_woods_tileset.png using Guid(66bd0d84121f8b742ada8f5bc7742428) Importer(815301076,1909f56bfc062723c751e8b465ee728b)  -> (artifact id: '95d8617608e53f4182583d305517c3b6') in 0.299948 seconds 
========================================================================
Received Import Request.
  Time since last request: 19.108672 seconds.
  path: Assets/Tilemaps/Overworld
  artifactKey: Guid(ebf5e99159aed5c4d93a1a4908623957) Importer(815301076,1909f56bfc062723c751e8b465ee728b)
Start importing Assets/Tilemaps/Overworld using Guid(ebf5e99159aed5c4d93a1a4908623957) Importer(815301076,1909f56bfc062723c751e8b465ee728b)  -> (artifact id: '8c78a472e4e1d1e7170e808b78c8a864') in 0.001647 seconds 
========================================================================
Received Import Request.
  Time since last request: 10.469483 seconds.
  path: Assets/Tilemaps/Oakwood.asset
  artifactKey: Guid(0e4eeca2f667a4c49b53a5dd5e75bafc) Importer(815301076,1909f56bfc062723c751e8b465ee728b)
Start importing Assets/Tilemaps/Oakwood.asset using Guid(0e4eeca2f667a4c49b53a5dd5e75bafc) Importer(815301076,1909f56bfc062723c751e8b465ee728b)  -> (artifact id: '4c8f6100017bce77d7b87531e149a1ac') in 0.008737 seconds 
========================================================================
Received Import Request.
  Time since last request: 202.022189 seconds.
  path: Assets/Tilemaps/Grass.asset
  artifactKey: Guid(e469fc74a03126145bcd905a1d3b844c) Importer(815301076,1909f56bfc062723c751e8b465ee728b)
Start importing Assets/Tilemaps/Grass.asset using Guid(e469fc74a03126145bcd905a1d3b844c) Importer(815301076,1909f56bfc062723c751e8b465ee728b)  -> (artifact id: 'cdba79fe6f39956d01bbfcd36da81b5b') in 0.009359 seconds 
========================================================================
Received Prepare
Registering precompiled user dll's ...
Registered in 0.001998 seconds.
Begin MonoManager ReloadAssembly
Symbol file LoadedFromMemory doesn't match image D:\Workspaces\Unity\Space-Shooter-2D\Library\PackageCache\com.unity.collab-proxy@1.15.15\Lib\Editor\PlasticSCM\unityplastic.dll
Native extension for WindowsStandalone target not found
Native extension for WebGL target not found
Refreshing native plugins compatible for Editor in 0.80 ms, found 3 plugins.
Preloading 0 native plugins for Editor in 0.00 ms.
Mono: successfully reloaded assembly
- Completed reload, in  0.985 seconds
Domain Reload Profiling:
	ReloadAssembly (986ms)
		BeginReloadAssembly (131ms)
			ExecutionOrderSort (0ms)
			DisableScriptedObjects (5ms)
			BackupInstance (0ms)
			ReleaseScriptingObjects (0ms)
			CreateAndSetChildDomain (51ms)
		EndReloadAssembly (780ms)
			LoadAssemblies (98ms)
			RebuildTransferFunctionScriptingTraits (0ms)
			SetupTypeCache (280ms)
			ReleaseScriptCaches (1ms)
			RebuildScriptCaches (38ms)
			SetupLoadedEditorAssemblies (277ms)
				LogAssemblyErrors (0ms)
				InitializePlatformSupportModulesInManaged (4ms)
				SetLoadedEditorAssemblies (0ms)
				RefreshPlugins (1ms)
				BeforeProcessingInitializeOnLoad (66ms)
				ProcessInitializeOnLoadAttributes (193ms)
				ProcessInitializeOnLoadMethodAttributes (9ms)
				AfterProcessingInitializeOnLoad (4ms)
				EditorAssembliesLoaded (0ms)
			ExecutionOrderSort2 (0ms)
			AwakeInstancesAfterBackupRestoration (9ms)
Platform modules already initialized, skipping
Refreshing native plugins compatible for Editor in 0.71 ms, found 3 plugins.
Preloading 0 native plugins for Editor in 0.00 ms.
Unloading 2581 Unused Serialized files (Serialized files now loaded: 0)
System memory in use before: 117.4 MB.
System memory in use after: 117.7 MB.

Unloading 15 unused Assets to reduce memory usage. Loaded Objects now: 3072.
Total: 3.585400 ms (FindLiveObjects: 0.248800 ms CreateObjectMapping: 0.073700 ms MarkObjects: 3.233700 ms  DeleteObjects: 0.028000 ms)

AssetImportParameters requested are different than current active one (requested -> active):
  custom:framework-win-MediaFoundation: 216162199b28c13a410421893ffa2e32 -> 
  custom:video-decoder-ogg-theora: a1e56fd34408186e4bbccfd4996cb3dc -> 
  custom:container-muxer-webm: aa71ff27fc2769a1b78a27578f13a17b -> 
  custom:container-demuxer-webm: 4f35f7cbe854078d1ac9338744f61a02 -> 
  custom:container-demuxer-ogg: 62fdf1f143b41e24485cea50d1cbac27 -> 
  custom:video-encoder-webm-vp8: eb34c28f22e8b96e1ab97ce403110664 -> 
  custom:video-decoder-webm-vp8: 9c59270c3fd7afecdb556c50c9e8de78 -> 
  custom:audio-decoder-ogg-vorbis: bf7c407c2cedff20999df2af8eb42d56 -> 
  custom:audio-encoder-webm-vorbis: bf7c407c2cedff20999df2af8eb42d56 -> 
